<?xml version="1.0" encoding="UTF-8"?>
<testsuite xmlns:xsi="http://www.w3.org/2001/XMLSchema-instance" xsi:noNamespaceSchemaLocation="https://maven.apache.org/surefire/maven-surefire-plugin/xsd/surefire-test-report.xsd" name="com.liujin.HouseApplicationTests" time="5.872" tests="4" errors="0" skipped="0" failures="0">
  <properties>
    <property name="sun.desktop" value="windows"/>
    <property name="awt.toolkit" value="sun.awt.windows.WToolkit"/>
    <property name="file.encoding.pkg" value="sun.io"/>
    <property name="java.specification.version" value="1.8"/>
    <property name="sun.cpu.isalist" value="amd64"/>
    <property name="sun.jnu.encoding" value="GBK"/>
    <property name="java.class.path" value="D:\IDEA Workspace\separation-development\house\target\test-classes;D:\IDEA Workspace\separation-development\house\target\classes;D:\java\apache-maven-3.6.1\repository\com\auth0\java-jwt\3.4.0\java-jwt-3.4.0.jar;D:\java\apache-maven-3.6.1\repository\com\fasterxml\jackson\core\jackson-databind\2.10.0\jackson-databind-2.10.0.jar;D:\java\apache-maven-3.6.1\repository\com\fasterxml\jackson\core\jackson-annotations\2.10.0\jackson-annotations-2.10.0.jar;D:\java\apache-maven-3.6.1\repository\com\fasterxml\jackson\core\jackson-core\2.10.0\jackson-core-2.10.0.jar;D:\java\apache-maven-3.6.1\repository\commons-codec\commons-codec\1.13\commons-codec-1.13.jar;D:\java\apache-maven-3.6.1\repository\org\springframework\boot\spring-boot-starter-web\2.2.0.RELEASE\spring-boot-starter-web-2.2.0.RELEASE.jar;D:\java\apache-maven-3.6.1\repository\org\springframework\boot\spring-boot-starter\2.2.0.RELEASE\spring-boot-starter-2.2.0.RELEASE.jar;D:\java\apache-maven-3.6.1\repository\org\springframework\boot\spring-boot\2.2.0.RELEASE\spring-boot-2.2.0.RELEASE.jar;D:\java\apache-maven-3.6.1\repository\org\springframework\boot\spring-boot-starter-logging\2.2.0.RELEASE\spring-boot-starter-logging-2.2.0.RELEASE.jar;D:\java\apache-maven-3.6.1\repository\ch\qos\logback\logback-classic\1.2.3\logback-classic-1.2.3.jar;D:\java\apache-maven-3.6.1\repository\ch\qos\logback\logback-core\1.2.3\logback-core-1.2.3.jar;D:\java\apache-maven-3.6.1\repository\org\apache\logging\log4j\log4j-to-slf4j\2.12.1\log4j-to-slf4j-2.12.1.jar;D:\java\apache-maven-3.6.1\repository\org\apache\logging\log4j\log4j-api\2.12.1\log4j-api-2.12.1.jar;D:\java\apache-maven-3.6.1\repository\org\slf4j\jul-to-slf4j\1.7.28\jul-to-slf4j-1.7.28.jar;D:\java\apache-maven-3.6.1\repository\jakarta\annotation\jakarta.annotation-api\1.3.5\jakarta.annotation-api-1.3.5.jar;D:\java\apache-maven-3.6.1\repository\org\yaml\snakeyaml\1.25\snakeyaml-1.25.jar;D:\java\apache-maven-3.6.1\repository\org\springframework\boot\spring-boot-starter-json\2.2.0.RELEASE\spring-boot-starter-json-2.2.0.RELEASE.jar;D:\java\apache-maven-3.6.1\repository\com\fasterxml\jackson\datatype\jackson-datatype-jdk8\2.10.0\jackson-datatype-jdk8-2.10.0.jar;D:\java\apache-maven-3.6.1\repository\com\fasterxml\jackson\datatype\jackson-datatype-jsr310\2.10.0\jackson-datatype-jsr310-2.10.0.jar;D:\java\apache-maven-3.6.1\repository\com\fasterxml\jackson\module\jackson-module-parameter-names\2.10.0\jackson-module-parameter-names-2.10.0.jar;D:\java\apache-maven-3.6.1\repository\org\springframework\boot\spring-boot-starter-tomcat\2.2.0.RELEASE\spring-boot-starter-tomcat-2.2.0.RELEASE.jar;D:\java\apache-maven-3.6.1\repository\org\apache\tomcat\embed\tomcat-embed-core\9.0.27\tomcat-embed-core-9.0.27.jar;D:\java\apache-maven-3.6.1\repository\org\apache\tomcat\embed\tomcat-embed-el\9.0.27\tomcat-embed-el-9.0.27.jar;D:\java\apache-maven-3.6.1\repository\org\apache\tomcat\embed\tomcat-embed-websocket\9.0.27\tomcat-embed-websocket-9.0.27.jar;D:\java\apache-maven-3.6.1\repository\org\springframework\boot\spring-boot-starter-validation\2.2.0.RELEASE\spring-boot-starter-validation-2.2.0.RELEASE.jar;D:\java\apache-maven-3.6.1\repository\jakarta\validation\jakarta.validation-api\2.0.1\jakarta.validation-api-2.0.1.jar;D:\java\apache-maven-3.6.1\repository\org\hibernate\validator\hibernate-validator\6.0.17.Final\hibernate-validator-6.0.17.Final.jar;D:\java\apache-maven-3.6.1\repository\org\jboss\logging\jboss-logging\3.4.1.Final\jboss-logging-3.4.1.Final.jar;D:\java\apache-maven-3.6.1\repository\com\fasterxml\classmate\1.5.0\classmate-1.5.0.jar;D:\java\apache-maven-3.6.1\repository\org\springframework\spring-web\5.2.0.RELEASE\spring-web-5.2.0.RELEASE.jar;D:\java\apache-maven-3.6.1\repository\org\springframework\spring-beans\5.2.0.RELEASE\spring-beans-5.2.0.RELEASE.jar;D:\java\apache-maven-3.6.1\repository\org\springframework\spring-webmvc\5.2.0.RELEASE\spring-webmvc-5.2.0.RELEASE.jar;D:\java\apache-maven-3.6.1\repository\org\springframework\spring-aop\5.2.0.RELEASE\spring-aop-5.2.0.RELEASE.jar;D:\java\apache-maven-3.6.1\repository\org\springframework\spring-context\5.2.0.RELEASE\spring-context-5.2.0.RELEASE.jar;D:\java\apache-maven-3.6.1\repository\org\springframework\spring-expression\5.2.0.RELEASE\spring-expression-5.2.0.RELEASE.jar;D:\java\apache-maven-3.6.1\repository\org\mybatis\spring\boot\mybatis-spring-boot-starter\2.1.1\mybatis-spring-boot-starter-2.1.1.jar;D:\java\apache-maven-3.6.1\repository\org\springframework\boot\spring-boot-starter-jdbc\2.2.0.RELEASE\spring-boot-starter-jdbc-2.2.0.RELEASE.jar;D:\java\apache-maven-3.6.1\repository\com\zaxxer\HikariCP\3.4.1\HikariCP-3.4.1.jar;D:\java\apache-maven-3.6.1\repository\org\springframework\spring-jdbc\5.2.0.RELEASE\spring-jdbc-5.2.0.RELEASE.jar;D:\java\apache-maven-3.6.1\repository\org\springframework\spring-tx\5.2.0.RELEASE\spring-tx-5.2.0.RELEASE.jar;D:\java\apache-maven-3.6.1\repository\org\mybatis\spring\boot\mybatis-spring-boot-autoconfigure\2.1.1\mybatis-spring-boot-autoconfigure-2.1.1.jar;D:\java\apache-maven-3.6.1\repository\org\mybatis\mybatis\3.5.3\mybatis-3.5.3.jar;D:\java\apache-maven-3.6.1\repository\org\mybatis\mybatis-spring\2.0.3\mybatis-spring-2.0.3.jar;D:\java\apache-maven-3.6.1\repository\com\github\pagehelper\pagehelper-spring-boot-starter\1.2.5\pagehelper-spring-boot-starter-1.2.5.jar;D:\java\apache-maven-3.6.1\repository\com\github\pagehelper\pagehelper-spring-boot-autoconfigure\1.2.5\pagehelper-spring-boot-autoconfigure-1.2.5.jar;D:\java\apache-maven-3.6.1\repository\com\github\pagehelper\pagehelper\5.1.4\pagehelper-5.1.4.jar;D:\java\apache-maven-3.6.1\repository\com\github\jsqlparser\jsqlparser\1.0\jsqlparser-1.0.jar;D:\java\apache-maven-3.6.1\repository\com\thetransactioncompany\cors-filter\2.6\cors-filter-2.6.jar;D:\java\apache-maven-3.6.1\repository\com\thetransactioncompany\java-property-utils\1.9.1\java-property-utils-1.9.1.jar;D:\java\apache-maven-3.6.1\repository\com\baomidou\mybatis-plus-boot-starter\3.2.0\mybatis-plus-boot-starter-3.2.0.jar;D:\java\apache-maven-3.6.1\repository\com\baomidou\mybatis-plus\3.2.0\mybatis-plus-3.2.0.jar;D:\java\apache-maven-3.6.1\repository\org\springframework\boot\spring-boot-autoconfigure\2.2.0.RELEASE\spring-boot-autoconfigure-2.2.0.RELEASE.jar;D:\java\apache-maven-3.6.1\repository\org\projectlombok\lombok\1.18.10\lombok-1.18.10.jar;D:\java\apache-maven-3.6.1\repository\com\baomidou\mybatis-plus-generator\3.2.0\mybatis-plus-generator-3.2.0.jar;D:\java\apache-maven-3.6.1\repository\com\baomidou\mybatis-plus-extension\3.2.0\mybatis-plus-extension-3.2.0.jar;D:\java\apache-maven-3.6.1\repository\com\baomidou\mybatis-plus-core\3.2.0\mybatis-plus-core-3.2.0.jar;D:\java\apache-maven-3.6.1\repository\com\baomidou\mybatis-plus-annotation\3.2.0\mybatis-plus-annotation-3.2.0.jar;D:\java\apache-maven-3.6.1\repository\org\apache\velocity\velocity-engine-core\2.1\velocity-engine-core-2.1.jar;D:\java\apache-maven-3.6.1\repository\org\apache\commons\commons-lang3\3.9\commons-lang3-3.9.jar;D:\java\apache-maven-3.6.1\repository\org\slf4j\slf4j-api\1.7.28\slf4j-api-1.7.28.jar;D:\java\apache-maven-3.6.1\repository\mysql\mysql-connector-java\5.1.10\mysql-connector-java-5.1.10.jar;D:\java\apache-maven-3.6.1\repository\org\springframework\boot\spring-boot-starter-test\2.2.0.RELEASE\spring-boot-starter-test-2.2.0.RELEASE.jar;D:\java\apache-maven-3.6.1\repository\org\springframework\boot\spring-boot-test\2.2.0.RELEASE\spring-boot-test-2.2.0.RELEASE.jar;D:\java\apache-maven-3.6.1\repository\org\springframework\boot\spring-boot-test-autoconfigure\2.2.0.RELEASE\spring-boot-test-autoconfigure-2.2.0.RELEASE.jar;D:\java\apache-maven-3.6.1\repository\com\jayway\jsonpath\json-path\2.4.0\json-path-2.4.0.jar;D:\java\apache-maven-3.6.1\repository\net\minidev\json-smart\2.3\json-smart-2.3.jar;D:\java\apache-maven-3.6.1\repository\net\minidev\accessors-smart\1.2\accessors-smart-1.2.jar;D:\java\apache-maven-3.6.1\repository\org\ow2\asm\asm\5.0.4\asm-5.0.4.jar;D:\java\apache-maven-3.6.1\repository\jakarta\xml\bind\jakarta.xml.bind-api\2.3.2\jakarta.xml.bind-api-2.3.2.jar;D:\java\apache-maven-3.6.1\repository\jakarta\activation\jakarta.activation-api\1.2.1\jakarta.activation-api-1.2.1.jar;D:\java\apache-maven-3.6.1\repository\org\junit\jupiter\junit-jupiter\5.5.2\junit-jupiter-5.5.2.jar;D:\java\apache-maven-3.6.1\repository\org\junit\jupiter\junit-jupiter-api\5.5.2\junit-jupiter-api-5.5.2.jar;D:\java\apache-maven-3.6.1\repository\org\opentest4j\opentest4j\1.2.0\opentest4j-1.2.0.jar;D:\java\apache-maven-3.6.1\repository\org\junit\platform\junit-platform-commons\1.5.2\junit-platform-commons-1.5.2.jar;D:\java\apache-maven-3.6.1\repository\org\junit\jupiter\junit-jupiter-params\5.5.2\junit-jupiter-params-5.5.2.jar;D:\java\apache-maven-3.6.1\repository\org\junit\jupiter\junit-jupiter-engine\5.5.2\junit-jupiter-engine-5.5.2.jar;D:\java\apache-maven-3.6.1\repository\org\junit\vintage\junit-vintage-engine\5.5.2\junit-vintage-engine-5.5.2.jar;D:\java\apache-maven-3.6.1\repository\org\apiguardian\apiguardian-api\1.1.0\apiguardian-api-1.1.0.jar;D:\java\apache-maven-3.6.1\repository\org\junit\platform\junit-platform-engine\1.5.2\junit-platform-engine-1.5.2.jar;D:\java\apache-maven-3.6.1\repository\junit\junit\4.12\junit-4.12.jar;D:\java\apache-maven-3.6.1\repository\org\mockito\mockito-junit-jupiter\3.1.0\mockito-junit-jupiter-3.1.0.jar;D:\java\apache-maven-3.6.1\repository\org\assertj\assertj-core\3.13.2\assertj-core-3.13.2.jar;D:\java\apache-maven-3.6.1\repository\org\hamcrest\hamcrest\2.1\hamcrest-2.1.jar;D:\java\apache-maven-3.6.1\repository\org\mockito\mockito-core\3.1.0\mockito-core-3.1.0.jar;D:\java\apache-maven-3.6.1\repository\net\bytebuddy\byte-buddy\1.10.1\byte-buddy-1.10.1.jar;D:\java\apache-maven-3.6.1\repository\net\bytebuddy\byte-buddy-agent\1.10.1\byte-buddy-agent-1.10.1.jar;D:\java\apache-maven-3.6.1\repository\org\objenesis\objenesis\2.6\objenesis-2.6.jar;D:\java\apache-maven-3.6.1\repository\org\skyscreamer\jsonassert\1.5.0\jsonassert-1.5.0.jar;D:\java\apache-maven-3.6.1\repository\com\vaadin\external\google\android-json\0.0.20131108.vaadin1\android-json-0.0.20131108.vaadin1.jar;D:\java\apache-maven-3.6.1\repository\org\springframework\spring-core\5.2.0.RELEASE\spring-core-5.2.0.RELEASE.jar;D:\java\apache-maven-3.6.1\repository\org\springframework\spring-jcl\5.2.0.RELEASE\spring-jcl-5.2.0.RELEASE.jar;D:\java\apache-maven-3.6.1\repository\org\springframework\spring-test\5.2.0.RELEASE\spring-test-5.2.0.RELEASE.jar;D:\java\apache-maven-3.6.1\repository\org\xmlunit\xmlunit-core\2.6.3\xmlunit-core-2.6.3.jar;"/>
    <property name="java.vm.vendor" value="Oracle Corporation"/>
    <property name="sun.arch.data.model" value="64"/>
    <property name="user.variant" value=""/>
    <property name="java.vendor.url" value="http://java.oracle.com/"/>
    <property name="user.timezone" value="Asia/Shanghai"/>
    <property name="java.vm.specification.version" value="1.8"/>
    <property name="os.name" value="Windows 10"/>
    <property name="user.country" value="CN"/>
    <property name="sun.java.launcher" value="SUN_STANDARD"/>
    <property name="sun.boot.library.path" value="E:\JAVA\jdk\jre\bin"/>
    <property name="sun.java.command" value="C:\Users\刘锦\AppData\Local\Temp\surefire7186335921018322064\surefirebooter7914737916498853596.jar C:\Users\刘锦\AppData\Local\Temp\surefire7186335921018322064 2019-11-09T16-53-59_773-jvmRun1 surefire4763800783624716598tmp surefire_07625558911141463143tmp"/>
    <property name="surefire.test.class.path" value="D:\IDEA Workspace\separation-development\house\target\test-classes;D:\IDEA Workspace\separation-development\house\target\classes;D:\java\apache-maven-3.6.1\repository\com\auth0\java-jwt\3.4.0\java-jwt-3.4.0.jar;D:\java\apache-maven-3.6.1\repository\com\fasterxml\jackson\core\jackson-databind\2.10.0\jackson-databind-2.10.0.jar;D:\java\apache-maven-3.6.1\repository\com\fasterxml\jackson\core\jackson-annotations\2.10.0\jackson-annotations-2.10.0.jar;D:\java\apache-maven-3.6.1\repository\com\fasterxml\jackson\core\jackson-core\2.10.0\jackson-core-2.10.0.jar;D:\java\apache-maven-3.6.1\repository\commons-codec\commons-codec\1.13\commons-codec-1.13.jar;D:\java\apache-maven-3.6.1\repository\org\springframework\boot\spring-boot-starter-web\2.2.0.RELEASE\spring-boot-starter-web-2.2.0.RELEASE.jar;D:\java\apache-maven-3.6.1\repository\org\springframework\boot\spring-boot-starter\2.2.0.RELEASE\spring-boot-starter-2.2.0.RELEASE.jar;D:\java\apache-maven-3.6.1\repository\org\springframework\boot\spring-boot\2.2.0.RELEASE\spring-boot-2.2.0.RELEASE.jar;D:\java\apache-maven-3.6.1\repository\org\springframework\boot\spring-boot-starter-logging\2.2.0.RELEASE\spring-boot-starter-logging-2.2.0.RELEASE.jar;D:\java\apache-maven-3.6.1\repository\ch\qos\logback\logback-classic\1.2.3\logback-classic-1.2.3.jar;D:\java\apache-maven-3.6.1\repository\ch\qos\logback\logback-core\1.2.3\logback-core-1.2.3.jar;D:\java\apache-maven-3.6.1\repository\org\apache\logging\log4j\log4j-to-slf4j\2.12.1\log4j-to-slf4j-2.12.1.jar;D:\java\apache-maven-3.6.1\repository\org\apache\logging\log4j\log4j-api\2.12.1\log4j-api-2.12.1.jar;D:\java\apache-maven-3.6.1\repository\org\slf4j\jul-to-slf4j\1.7.28\jul-to-slf4j-1.7.28.jar;D:\java\apache-maven-3.6.1\repository\jakarta\annotation\jakarta.annotation-api\1.3.5\jakarta.annotation-api-1.3.5.jar;D:\java\apache-maven-3.6.1\repository\org\yaml\snakeyaml\1.25\snakeyaml-1.25.jar;D:\java\apache-maven-3.6.1\repository\org\springframework\boot\spring-boot-starter-json\2.2.0.RELEASE\spring-boot-starter-json-2.2.0.RELEASE.jar;D:\java\apache-maven-3.6.1\repository\com\fasterxml\jackson\datatype\jackson-datatype-jdk8\2.10.0\jackson-datatype-jdk8-2.10.0.jar;D:\java\apache-maven-3.6.1\repository\com\fasterxml\jackson\datatype\jackson-datatype-jsr310\2.10.0\jackson-datatype-jsr310-2.10.0.jar;D:\java\apache-maven-3.6.1\repository\com\fasterxml\jackson\module\jackson-module-parameter-names\2.10.0\jackson-module-parameter-names-2.10.0.jar;D:\java\apache-maven-3.6.1\repository\org\springframework\boot\spring-boot-starter-tomcat\2.2.0.RELEASE\spring-boot-starter-tomcat-2.2.0.RELEASE.jar;D:\java\apache-maven-3.6.1\repository\org\apache\tomcat\embed\tomcat-embed-core\9.0.27\tomcat-embed-core-9.0.27.jar;D:\java\apache-maven-3.6.1\repository\org\apache\tomcat\embed\tomcat-embed-el\9.0.27\tomcat-embed-el-9.0.27.jar;D:\java\apache-maven-3.6.1\repository\org\apache\tomcat\embed\tomcat-embed-websocket\9.0.27\tomcat-embed-websocket-9.0.27.jar;D:\java\apache-maven-3.6.1\repository\org\springframework\boot\spring-boot-starter-validation\2.2.0.RELEASE\spring-boot-starter-validation-2.2.0.RELEASE.jar;D:\java\apache-maven-3.6.1\repository\jakarta\validation\jakarta.validation-api\2.0.1\jakarta.validation-api-2.0.1.jar;D:\java\apache-maven-3.6.1\repository\org\hibernate\validator\hibernate-validator\6.0.17.Final\hibernate-validator-6.0.17.Final.jar;D:\java\apache-maven-3.6.1\repository\org\jboss\logging\jboss-logging\3.4.1.Final\jboss-logging-3.4.1.Final.jar;D:\java\apache-maven-3.6.1\repository\com\fasterxml\classmate\1.5.0\classmate-1.5.0.jar;D:\java\apache-maven-3.6.1\repository\org\springframework\spring-web\5.2.0.RELEASE\spring-web-5.2.0.RELEASE.jar;D:\java\apache-maven-3.6.1\repository\org\springframework\spring-beans\5.2.0.RELEASE\spring-beans-5.2.0.RELEASE.jar;D:\java\apache-maven-3.6.1\repository\org\springframework\spring-webmvc\5.2.0.RELEASE\spring-webmvc-5.2.0.RELEASE.jar;D:\java\apache-maven-3.6.1\repository\org\springframework\spring-aop\5.2.0.RELEASE\spring-aop-5.2.0.RELEASE.jar;D:\java\apache-maven-3.6.1\repository\org\springframework\spring-context\5.2.0.RELEASE\spring-context-5.2.0.RELEASE.jar;D:\java\apache-maven-3.6.1\repository\org\springframework\spring-expression\5.2.0.RELEASE\spring-expression-5.2.0.RELEASE.jar;D:\java\apache-maven-3.6.1\repository\org\mybatis\spring\boot\mybatis-spring-boot-starter\2.1.1\mybatis-spring-boot-starter-2.1.1.jar;D:\java\apache-maven-3.6.1\repository\org\springframework\boot\spring-boot-starter-jdbc\2.2.0.RELEASE\spring-boot-starter-jdbc-2.2.0.RELEASE.jar;D:\java\apache-maven-3.6.1\repository\com\zaxxer\HikariCP\3.4.1\HikariCP-3.4.1.jar;D:\java\apache-maven-3.6.1\repository\org\springframework\spring-jdbc\5.2.0.RELEASE\spring-jdbc-5.2.0.RELEASE.jar;D:\java\apache-maven-3.6.1\repository\org\springframework\spring-tx\5.2.0.RELEASE\spring-tx-5.2.0.RELEASE.jar;D:\java\apache-maven-3.6.1\repository\org\mybatis\spring\boot\mybatis-spring-boot-autoconfigure\2.1.1\mybatis-spring-boot-autoconfigure-2.1.1.jar;D:\java\apache-maven-3.6.1\repository\org\mybatis\mybatis\3.5.3\mybatis-3.5.3.jar;D:\java\apache-maven-3.6.1\repository\org\mybatis\mybatis-spring\2.0.3\mybatis-spring-2.0.3.jar;D:\java\apache-maven-3.6.1\repository\com\github\pagehelper\pagehelper-spring-boot-starter\1.2.5\pagehelper-spring-boot-starter-1.2.5.jar;D:\java\apache-maven-3.6.1\repository\com\github\pagehelper\pagehelper-spring-boot-autoconfigure\1.2.5\pagehelper-spring-boot-autoconfigure-1.2.5.jar;D:\java\apache-maven-3.6.1\repository\com\github\pagehelper\pagehelper\5.1.4\pagehelper-5.1.4.jar;D:\java\apache-maven-3.6.1\repository\com\github\jsqlparser\jsqlparser\1.0\jsqlparser-1.0.jar;D:\java\apache-maven-3.6.1\repository\com\thetransactioncompany\cors-filter\2.6\cors-filter-2.6.jar;D:\java\apache-maven-3.6.1\repository\com\thetransactioncompany\java-property-utils\1.9.1\java-property-utils-1.9.1.jar;D:\java\apache-maven-3.6.1\repository\com\baomidou\mybatis-plus-boot-starter\3.2.0\mybatis-plus-boot-starter-3.2.0.jar;D:\java\apache-maven-3.6.1\repository\com\baomidou\mybatis-plus\3.2.0\mybatis-plus-3.2.0.jar;D:\java\apache-maven-3.6.1\repository\org\springframework\boot\spring-boot-autoconfigure\2.2.0.RELEASE\spring-boot-autoconfigure-2.2.0.RELEASE.jar;D:\java\apache-maven-3.6.1\repository\org\projectlombok\lombok\1.18.10\lombok-1.18.10.jar;D:\java\apache-maven-3.6.1\repository\com\baomidou\mybatis-plus-generator\3.2.0\mybatis-plus-generator-3.2.0.jar;D:\java\apache-maven-3.6.1\repository\com\baomidou\mybatis-plus-extension\3.2.0\mybatis-plus-extension-3.2.0.jar;D:\java\apache-maven-3.6.1\repository\com\baomidou\mybatis-plus-core\3.2.0\mybatis-plus-core-3.2.0.jar;D:\java\apache-maven-3.6.1\repository\com\baomidou\mybatis-plus-annotation\3.2.0\mybatis-plus-annotation-3.2.0.jar;D:\java\apache-maven-3.6.1\repository\org\apache\velocity\velocity-engine-core\2.1\velocity-engine-core-2.1.jar;D:\java\apache-maven-3.6.1\repository\org\apache\commons\commons-lang3\3.9\commons-lang3-3.9.jar;D:\java\apache-maven-3.6.1\repository\org\slf4j\slf4j-api\1.7.28\slf4j-api-1.7.28.jar;D:\java\apache-maven-3.6.1\repository\mysql\mysql-connector-java\5.1.10\mysql-connector-java-5.1.10.jar;D:\java\apache-maven-3.6.1\repository\org\springframework\boot\spring-boot-starter-test\2.2.0.RELEASE\spring-boot-starter-test-2.2.0.RELEASE.jar;D:\java\apache-maven-3.6.1\repository\org\springframework\boot\spring-boot-test\2.2.0.RELEASE\spring-boot-test-2.2.0.RELEASE.jar;D:\java\apache-maven-3.6.1\repository\org\springframework\boot\spring-boot-test-autoconfigure\2.2.0.RELEASE\spring-boot-test-autoconfigure-2.2.0.RELEASE.jar;D:\java\apache-maven-3.6.1\repository\com\jayway\jsonpath\json-path\2.4.0\json-path-2.4.0.jar;D:\java\apache-maven-3.6.1\repository\net\minidev\json-smart\2.3\json-smart-2.3.jar;D:\java\apache-maven-3.6.1\repository\net\minidev\accessors-smart\1.2\accessors-smart-1.2.jar;D:\java\apache-maven-3.6.1\repository\org\ow2\asm\asm\5.0.4\asm-5.0.4.jar;D:\java\apache-maven-3.6.1\repository\jakarta\xml\bind\jakarta.xml.bind-api\2.3.2\jakarta.xml.bind-api-2.3.2.jar;D:\java\apache-maven-3.6.1\repository\jakarta\activation\jakarta.activation-api\1.2.1\jakarta.activation-api-1.2.1.jar;D:\java\apache-maven-3.6.1\repository\org\junit\jupiter\junit-jupiter\5.5.2\junit-jupiter-5.5.2.jar;D:\java\apache-maven-3.6.1\repository\org\junit\jupiter\junit-jupiter-api\5.5.2\junit-jupiter-api-5.5.2.jar;D:\java\apache-maven-3.6.1\repository\org\opentest4j\opentest4j\1.2.0\opentest4j-1.2.0.jar;D:\java\apache-maven-3.6.1\repository\org\junit\platform\junit-platform-commons\1.5.2\junit-platform-commons-1.5.2.jar;D:\java\apache-maven-3.6.1\repository\org\junit\jupiter\junit-jupiter-params\5.5.2\junit-jupiter-params-5.5.2.jar;D:\java\apache-maven-3.6.1\repository\org\junit\jupiter\junit-jupiter-engine\5.5.2\junit-jupiter-engine-5.5.2.jar;D:\java\apache-maven-3.6.1\repository\org\junit\vintage\junit-vintage-engine\5.5.2\junit-vintage-engine-5.5.2.jar;D:\java\apache-maven-3.6.1\repository\org\apiguardian\apiguardian-api\1.1.0\apiguardian-api-1.1.0.jar;D:\java\apache-maven-3.6.1\repository\org\junit\platform\junit-platform-engine\1.5.2\junit-platform-engine-1.5.2.jar;D:\java\apache-maven-3.6.1\repository\junit\junit\4.12\junit-4.12.jar;D:\java\apache-maven-3.6.1\repository\org\mockito\mockito-junit-jupiter\3.1.0\mockito-junit-jupiter-3.1.0.jar;D:\java\apache-maven-3.6.1\repository\org\assertj\assertj-core\3.13.2\assertj-core-3.13.2.jar;D:\java\apache-maven-3.6.1\repository\org\hamcrest\hamcrest\2.1\hamcrest-2.1.jar;D:\java\apache-maven-3.6.1\repository\org\mockito\mockito-core\3.1.0\mockito-core-3.1.0.jar;D:\java\apache-maven-3.6.1\repository\net\bytebuddy\byte-buddy\1.10.1\byte-buddy-1.10.1.jar;D:\java\apache-maven-3.6.1\repository\net\bytebuddy\byte-buddy-agent\1.10.1\byte-buddy-agent-1.10.1.jar;D:\java\apache-maven-3.6.1\repository\org\objenesis\objenesis\2.6\objenesis-2.6.jar;D:\java\apache-maven-3.6.1\repository\org\skyscreamer\jsonassert\1.5.0\jsonassert-1.5.0.jar;D:\java\apache-maven-3.6.1\repository\com\vaadin\external\google\android-json\0.0.20131108.vaadin1\android-json-0.0.20131108.vaadin1.jar;D:\java\apache-maven-3.6.1\repository\org\springframework\spring-core\5.2.0.RELEASE\spring-core-5.2.0.RELEASE.jar;D:\java\apache-maven-3.6.1\repository\org\springframework\spring-jcl\5.2.0.RELEASE\spring-jcl-5.2.0.RELEASE.jar;D:\java\apache-maven-3.6.1\repository\org\springframework\spring-test\5.2.0.RELEASE\spring-test-5.2.0.RELEASE.jar;D:\java\apache-maven-3.6.1\repository\org\xmlunit\xmlunit-core\2.6.3\xmlunit-core-2.6.3.jar;"/>
    <property name="sun.cpu.endian" value="little"/>
    <property name="user.home" value="C:\Users\刘锦"/>
    <property name="user.language" value="zh"/>
    <property name="java.specification.vendor" value="Oracle Corporation"/>
    <property name="java.home" value="E:\JAVA\jdk\jre"/>
    <property name="basedir" value="D:\IDEA Workspace\separation-development\house"/>
    <property name="file.separator" value="\"/>
    <property name="line.separator" value="&#10;"/>
    <property name="java.vm.specification.vendor" value="Oracle Corporation"/>
    <property name="java.specification.name" value="Java Platform API Specification"/>
    <property name="java.awt.graphicsenv" value="sun.awt.Win32GraphicsEnvironment"/>
    <property name="surefire.real.class.path" value="C:\Users\刘锦\AppData\Local\Temp\surefire7186335921018322064\surefirebooter7914737916498853596.jar"/>
    <property name="sun.boot.class.path" value="E:\JAVA\jdk\jre\lib\resources.jar;E:\JAVA\jdk\jre\lib\rt.jar;E:\JAVA\jdk\jre\lib\sunrsasign.jar;E:\JAVA\jdk\jre\lib\jsse.jar;E:\JAVA\jdk\jre\lib\jce.jar;E:\JAVA\jdk\jre\lib\charsets.jar;E:\JAVA\jdk\jre\lib\jfr.jar;E:\JAVA\jdk\jre\classes"/>
    <property name="user.script" value=""/>
    <property name="sun.management.compiler" value="HotSpot 64-Bit Tiered Compilers"/>
    <property name="java.runtime.version" value="1.8.0_131-b11"/>
    <property name="user.name" value="刘锦"/>
    <property name="path.separator" value=";"/>
    <property name="os.version" value="10.0"/>
    <property name="java.endorsed.dirs" value="E:\JAVA\jdk\jre\lib\endorsed"/>
    <property name="java.runtime.name" value="Java(TM) SE Runtime Environment"/>
    <property name="file.encoding" value="GBK"/>
    <property name="java.vm.name" value="Java HotSpot(TM) 64-Bit Server VM"/>
    <property name="localRepository" value="D:\java\apache-maven-3.6.1\repository"/>
    <property name="java.vendor.url.bug" value="http://bugreport.sun.com/bugreport/"/>
    <property name="java.io.tmpdir" value="C:\Users\刘锦\AppData\Local\Temp\"/>
    <property name="java.version" value="1.8.0_131"/>
    <property name="user.dir" value="D:\IDEA Workspace\separation-development\house"/>
    <property name="os.arch" value="amd64"/>
    <property name="java.vm.specification.name" value="Java Virtual Machine Specification"/>
    <property name="java.awt.printerjob" value="sun.awt.windows.WPrinterJob"/>
    <property name="idea.version2019.1.3" value="true"/>
    <property name="sun.os.patch.level" value=""/>
    <property name="java.library.path" value="E:\JAVA\jdk\jre\bin;C:\WINDOWS\Sun\Java\bin;C:\WINDOWS\system32;C:\WINDOWS;C:\ProgramData\Oracle\Java\javapath;C:\WINDOWS\system32;C:\WINDOWS;C:\WINDOWS\system32\wbem;D:\java\apache-maven-3.6.1\bin\;E:\JAVA\jdk\bin\;C:\WINDOWS\System32\Wbem;C:\WINDOWS\System32\WindowsPowerShell\v1.0\;C:\WINDOWS\System32\OpenSSH\;E:\web\;E:\git\Git\cmd;C:\Users\刘锦\AppData\Local\Microsoft\WindowsApps;;E:\;C:\Users\刘锦\AppData\Roaming\npm;E:\克隆\ssh;."/>
    <property name="java.vm.info" value="mixed mode"/>
    <property name="java.vendor" value="Oracle Corporation"/>
    <property name="java.vm.version" value="25.131-b11"/>
    <property name="java.ext.dirs" value="E:\JAVA\jdk\jre\lib\ext;C:\WINDOWS\Sun\Java\lib\ext"/>
    <property name="sun.io.unicode.encoding" value="UnicodeLittle"/>
    <property name="maven.repo.local" value="D:\java\apache-maven-3.6.1\repository"/>
    <property name="java.class.version" value="52.0"/>
  </properties>
  <testcase name="test01" classname="com.liujin.HouseApplicationTests" time="0.809"/>
  <testcase name="test02" classname="com.liujin.HouseApplicationTests" time="0.028"/>
  <testcase name="test03" classname="com.liujin.HouseApplicationTests" time="0.031"/>
  <testcase name="contextLoads" classname="com.liujin.HouseApplicationTests" time="0"/>
</testsuite>